[2023-12-28 17:14:39] Production.ERROR: Error 5f325a74-f265-448c-8c8d-f3903fcaf92b: View [emails.vendor_agreement] not found.  
[2023-12-28 17:14:42] Production.ERROR: Error dafb3925-6ef3-4c98-bbe9-64bd1ca24f8e: View [emails.vendor_agreement] not found.  
[2023-12-28 17:14:46] Production.ERROR: Error 1998e36c-04d9-46ef-82c8-63cee844de9b: View [emails.vendor_agreement] not found.  
[2023-12-28 17:18:15] Production.ERROR: Error 7f3830f5-27f3-4bf2-a5a2-ef437f3e9ea3: Undefined variable $vendor_name (View: /var/www/html/vendorsignup/resources/views/emails/vendor_agreement.blade.php)  
[2023-12-28 17:18:20] Production.ERROR: Error 45f19fac-3ce8-4733-9a95-5fe5fc6f8539: Undefined variable $vendor_name (View: /var/www/html/vendorsignup/resources/views/emails/vendor_agreement.blade.php)  
[2023-12-28 17:26:43] Production.ERROR: Error b0e11029-5b11-4a13-a722-09cd0bbb6cda: Array to string conversion  
[2023-12-28 17:26:46] Production.ERROR: Error 88704fc9-2e73-45b6-b947-5e2a526ecf75: Array to string conversion  
[2023-12-28 17:30:40] Production.ERROR: Error 8ed07edb-964e-4acb-b3fa-2d95dfb693f9: Array to string conversion  
[2023-12-28 17:34:21] Production.ERROR: Error 2e123f3e-2528-47e3-b6e1-a93810fe3d63: Array to string conversion  
[2023-12-28 17:34:25] Production.ERROR: Error 54c48e8e-d670-4e0d-93b0-f1f2df1bba6f: Array to string conversion  
[2023-12-28 17:35:47] local.ERROR: Error 67920b46-2b05-41bc-88d2-5b8ba01e1eb8: Array to string conversion  
[2023-12-28 17:35:58] local.ERROR: Error b44205ed-8051-4f98-8261-2656e7a00865: Array to string conversion  
[2023-12-28 17:36:53] local.ERROR: Error d934dbad-cccd-4445-94e7-9aeea047d795: Array to string conversion  
[2023-12-28 17:36:58] local.ERROR: Error 7d06ea44-e29e-4197-975f-06f0c117c721: Array to string conversion  
[2023-12-28 17:39:40] local.ERROR: Error in submitToSuiteCRM: SQLSTATE[HY000]: General error: 20 datatype mismatch (Connection: sqlite, SQL: insert into "contacts" ("id", "vendor_id", "updated_at", "created_at") values (e8437317-57b4-492f-9d61-02b8d73c901b, 3, 2023-12-28 17:39:40, 2023-12-28 17:39:40))  
[2023-12-28 23:52:20] local.ERROR: Too few arguments to function App\Mail\VendorAgreementMail::__construct(), 1 passed in /var/www/html/vendorsignup/app/Livewire/MultiStepForm.php on line 605 and exactly 2 expected {"exception":"[object] (ArgumentCountError(code: 0): Too few arguments to function App\\Mail\\VendorAgreementMail::__construct(), 1 passed in /var/www/html/vendorsignup/app/Livewire/MultiStepForm.php on line 605 and exactly 2 expected at /var/www/html/vendorsignup/app/Mail/VendorAgreementMail.php:21)
[stacktrace]
#0 /var/www/html/vendorsignup/app/Livewire/MultiStepForm.php(605): App\\Mail\\VendorAgreementMail->__construct()
#1 /var/www/html/vendorsignup/app/Livewire/MultiStepForm.php(319): App\\Livewire\\MultiStepForm->generateAndStorePdf()
#2 /var/www/html/vendorsignup/app/Livewire/MultiStepForm.php(501): App\\Livewire\\MultiStepForm->submitToLaravelDB()
#3 /var/www/html/vendorsignup/vendor/laravel/framework/src/Illuminate/Container/BoundMethod.php(36): App\\Livewire\\MultiStepForm->submitForm()
#4 /var/www/html/vendorsignup/vendor/laravel/framework/src/Illuminate/Container/Util.php(41): Illuminate\\Container\\BoundMethod::Illuminate\\Container\\{closure}()
#5 /var/www/html/vendorsignup/vendor/laravel/framework/src/Illuminate/Container/BoundMethod.php(93): Illuminate\\Container\\Util::unwrapIfClosure()
#6 /var/www/html/vendorsignup/vendor/laravel/framework/src/Illuminate/Container/BoundMethod.php(37): Illuminate\\Container\\BoundMethod::callBoundMethod()
#7 /var/www/html/vendorsignup/vendor/livewire/livewire/src/Wrapped.php(23): Illuminate\\Container\\BoundMethod::call()
#8 /var/www/html/vendorsignup/vendor/livewire/livewire/src/Mechanisms/HandleComponents/HandleComponents.php(465): Livewire\\Wrapped->__call()
#9 /var/www/html/vendorsignup/vendor/livewire/livewire/src/Mechanisms/HandleComponents/HandleComponents.php(108): Livewire\\Mechanisms\\HandleComponents\\HandleComponents->callMethods()
#10 /var/www/html/vendorsignup/vendor/livewire/livewire/src/LivewireManager.php(96): Livewire\\Mechanisms\\HandleComponents\\HandleComponents->update()
#11 /var/www/html/vendorsignup/vendor/livewire/livewire/src/Mechanisms/HandleRequests/HandleRequests.php(89): Livewire\\LivewireManager->update()
#12 /var/www/html/vendorsignup/vendor/laravel/framework/src/Illuminate/Routing/ControllerDispatcher.php(46): Livewire\\Mechanisms\\HandleRequests\\HandleRequests->handleUpdate()
#13 /var/www/html/vendorsignup/vendor/laravel/framework/src/Illuminate/Routing/Route.php(260): Illuminate\\Routing\\ControllerDispatcher->dispatch()
#14 /var/www/html/vendorsignup/vendor/laravel/framework/src/Illuminate/Routing/Route.php(205): Illuminate\\Routing\\Route->runController()
#15 /var/www/html/vendorsignup/vendor/laravel/framework/src/Illuminate/Routing/Router.php(799): Illuminate\\Routing\\Route->run()
#16 /var/www/html/vendorsignup/vendor/laravel/framework/src/Illuminate/Pipeline/Pipeline.php(141): Illuminate\\Routing\\Router->Illuminate\\Routing\\{closure}()
#17 /var/www/html/vendorsignup/vendor/laravel/framework/src/Illuminate/Routing/Middleware/SubstituteBindings.php(50): Illuminate\\Pipeline\\Pipeline->Illuminate\\Pipeline\\{closure}()
#18 /var/www/html/vendorsignup/vendor/laravel/framework/src/Illuminate/Pipeline/Pipeline.php(180): Illuminate\\Routing\\Middleware\\SubstituteBindings->handle()
#19 /var/www/html/vendorsignup/vendor/laravel/framework/src/Illuminate/Foundation/Http/Middleware/VerifyCsrfToken.php(78): Illuminate\\Pipeline\\Pipeline->Illuminate\\Pipeline\\{closure}()
#20 /var/www/html/vendorsignup/vendor/laravel/framework/src/Illuminate/Pipeline/Pipeline.php(180): Illuminate\\Foundation\\Http\\Middleware\\VerifyCsrfToken->handle()
#21 /var/www/html/vendorsignup/vendor/laravel/framework/src/Illuminate/View/Middleware/ShareErrorsFromSession.php(49): Illuminate\\Pipeline\\Pipeline->Illuminate\\Pipeline\\{closure}()
#22 /var/www/html/vendorsignup/vendor/laravel/framework/src/Illuminate/Pipeline/Pipeline.php(180): Illuminate\\View\\Middleware\\ShareErrorsFromSession->handle()
#23 /var/www/html/vendorsignup/vendor/laravel/framework/src/Illuminate/Session/Middleware/StartSession.php(121): Illuminate\\Pipeline\\Pipeline->Illuminate\\Pipeline\\{closure}()
#24 /var/www/html/vendorsignup/vendor/laravel/framework/src/Illuminate/Session/Middleware/StartSession.php(64): Illuminate\\Session\\Middleware\\StartSession->handleStatefulRequest()
#25 /var/www/html/vendorsignup/vendor/laravel/framework/src/Illuminate/Pipeline/Pipeline.php(180): Illuminate\\Session\\Middleware\\StartSession->handle()
#26 /var/www/html/vendorsignup/vendor/laravel/framework/src/Illuminate/Cookie/Middleware/AddQueuedCookiesToResponse.php(37): Illuminate\\Pipeline\\Pipeline->Illuminate\\Pipeline\\{closure}()
#27 /var/www/html/vendorsignup/vendor/laravel/framework/src/Illuminate/Pipeline/Pipeline.php(180): Illuminate\\Cookie\\Middleware\\AddQueuedCookiesToResponse->handle()
#28 /var/www/html/vendorsignup/vendor/laravel/framework/src/Illuminate/Cookie/Middleware/EncryptCookies.php(67): Illuminate\\Pipeline\\Pipeline->Illuminate\\Pipeline\\{closure}()
#29 /var/www/html/vendorsignup/vendor/laravel/framework/src/Illuminate/Pipeline/Pipeline.php(180): Illuminate\\Cookie\\Middleware\\EncryptCookies->handle()
#30 /var/www/html/vendorsignup/vendor/laravel/framework/src/Illuminate/Pipeline/Pipeline.php(116): Illuminate\\Pipeline\\Pipeline->Illuminate\\Pipeline\\{closure}()
#31 /var/www/html/vendorsignup/vendor/laravel/framework/src/Illuminate/Routing/Router.php(800): Illuminate\\Pipeline\\Pipeline->then()
#32 /var/www/html/vendorsignup/vendor/laravel/framework/src/Illuminate/Routing/Router.php(777): Illuminate\\Routing\\Router->runRouteWithinStack()
#33 /var/www/html/vendorsignup/vendor/laravel/framework/src/Illuminate/Routing/Router.php(741): Illuminate\\Routing\\Router->runRoute()
#34 /var/www/html/vendorsignup/vendor/laravel/framework/src/Illuminate/Routing/Router.php(730): Illuminate\\Routing\\Router->dispatchToRoute()
#35 /var/www/html/vendorsignup/vendor/laravel/framework/src/Illuminate/Foundation/Http/Kernel.php(200): Illuminate\\Routing\\Router->dispatch()
#36 /var/www/html/vendorsignup/vendor/laravel/framework/src/Illuminate/Pipeline/Pipeline.php(141): Illuminate\\Foundation\\Http\\Kernel->Illuminate\\Foundation\\Http\\{closure}()
#37 /var/www/html/vendorsignup/vendor/livewire/livewire/src/Features/SupportDisablingBackButtonCache/DisableBackButtonCacheMiddleware.php(19): Illuminate\\Pipeline\\Pipeline->Illuminate\\Pipeline\\{closure}()
#38 /var/www/html/vendorsignup/vendor/laravel/framework/src/Illuminate/Pipeline/Pipeline.php(180): Livewire\\Features\\SupportDisablingBackButtonCache\\DisableBackButtonCacheMiddleware->handle()
#39 /var/www/html/vendorsignup/vendor/laravel/framework/src/Illuminate/Foundation/Http/Middleware/ConvertEmptyStringsToNull.php(27): Illuminate\\Pipeline\\Pipeline->Illuminate\\Pipeline\\{closure}()
#40 /var/www/html/vendorsignup/vendor/laravel/framework/src/Illuminate/Pipeline/Pipeline.php(180): Illuminate\\Foundation\\Http\\Middleware\\ConvertEmptyStringsToNull->handle()
#41 /var/www/html/vendorsignup/vendor/laravel/framework/src/Illuminate/Foundation/Http/Middleware/TrimStrings.php(36): Illuminate\\Pipeline\\Pipeline->Illuminate\\Pipeline\\{closure}()
#42 /var/www/html/vendorsignup/vendor/laravel/framework/src/Illuminate/Pipeline/Pipeline.php(180): Illuminate\\Foundation\\Http\\Middleware\\TrimStrings->handle()
#43 /var/www/html/vendorsignup/vendor/laravel/framework/src/Illuminate/Foundation/Http/Middleware/ValidatePostSize.php(27): Illuminate\\Pipeline\\Pipeline->Illuminate\\Pipeline\\{closure}()
#44 /var/www/html/vendorsignup/vendor/laravel/framework/src/Illuminate/Pipeline/Pipeline.php(180): Illuminate\\Foundation\\Http\\Middleware\\ValidatePostSize->handle()
#45 /var/www/html/vendorsignup/vendor/laravel/framework/src/Illuminate/Foundation/Http/Middleware/PreventRequestsDuringMaintenance.php(99): Illuminate\\Pipeline\\Pipeline->Illuminate\\Pipeline\\{closure}()
#46 /var/www/html/vendorsignup/vendor/laravel/framework/src/Illuminate/Pipeline/Pipeline.php(180): Illuminate\\Foundation\\Http\\Middleware\\PreventRequestsDuringMaintenance->handle()
#47 /var/www/html/vendorsignup/vendor/laravel/framework/src/Illuminate/Http/Middleware/HandleCors.php(49): Illuminate\\Pipeline\\Pipeline->Illuminate\\Pipeline\\{closure}()
#48 /var/www/html/vendorsignup/vendor/laravel/framework/src/Illuminate/Pipeline/Pipeline.php(180): Illuminate\\Http\\Middleware\\HandleCors->handle()
#49 /var/www/html/vendorsignup/vendor/laravel/framework/src/Illuminate/Http/Middleware/TrustProxies.php(39): Illuminate\\Pipeline\\Pipeline->Illuminate\\Pipeline\\{closure}()
#50 /var/www/html/vendorsignup/vendor/laravel/framework/src/Illuminate/Pipeline/Pipeline.php(180): Illuminate\\Http\\Middleware\\TrustProxies->handle()
#51 /var/www/html/vendorsignup/vendor/laravel/framework/src/Illuminate/Pipeline/Pipeline.php(116): Illuminate\\Pipeline\\Pipeline->Illuminate\\Pipeline\\{closure}()
#52 /var/www/html/vendorsignup/vendor/laravel/framework/src/Illuminate/Foundation/Http/Kernel.php(175): Illuminate\\Pipeline\\Pipeline->then()
#53 /var/www/html/vendorsignup/vendor/laravel/framework/src/Illuminate/Foundation/Http/Kernel.php(144): Illuminate\\Foundation\\Http\\Kernel->sendRequestThroughRouter()
#54 /var/www/html/vendorsignup/public/index.php(52): Illuminate\\Foundation\\Http\\Kernel->handle()
#55 {main}
"} 
[2023-12-28 23:55:01] local.ERROR: Error a64afacf-8012-4992-b117-60af49613f94: Array to string conversion  
[2023-12-28 23:59:52] local.ERROR: Error 4333c92c-64bd-4eeb-9ff0-e20d53a4538f: Using $this when not in object context (View: /var/www/html/vendorsignup/resources/views/emails/vendor_agreement.blade.php)  
[2023-12-29 00:00:01] local.ERROR: Error 39cf6986-65f6-4cae-bda6-203847fc1795: Using $this when not in object context (View: /var/www/html/vendorsignup/resources/views/emails/vendor_agreement.blade.php)  
[2023-12-29 00:05:00] local.ERROR: Error in submitToSuiteCRM: SQLSTATE[23000]: Integrity constraint violation: 19 NOT NULL constraint failed: contacts.contact_name (Connection: sqlite, SQL: insert into "contacts" ("vendor_id", "updated_at", "created_at") values (4, 2023-12-29 00:05:00, 2023-12-29 00:05:00))  
